2025-11-13 22:00:20,245 INFO o.a.j.u.JMeterUtils: Setting Locale to en_EN
2025-11-13 22:00:20,274 INFO o.a.j.JMeter: Loading user properties from: C:\Tools\apache-jmeter-5.6.3\apache-jmeter-5.6.3\bin\user.properties
2025-11-13 22:00:20,275 INFO o.a.j.JMeter: Loading system properties from: C:\Tools\apache-jmeter-5.6.3\apache-jmeter-5.6.3\bin\system.properties
2025-11-13 22:00:20,275 INFO o.a.j.JMeter: Loading additional properties from: backend/tests/jmeter/props/local.properties
2025-11-13 22:00:20,289 INFO o.a.j.JMeter: Copyright (c) 1998-2024 The Apache Software Foundation
2025-11-13 22:00:20,289 INFO o.a.j.JMeter: Version 5.6.3
2025-11-13 22:00:20,289 INFO o.a.j.JMeter: java.version=24.0.2
2025-11-13 22:00:20,289 INFO o.a.j.JMeter: java.vm.name=Java HotSpot(TM) 64-Bit Server VM
2025-11-13 22:00:20,289 INFO o.a.j.JMeter: os.name=Windows 11
2025-11-13 22:00:20,290 INFO o.a.j.JMeter: os.arch=amd64
2025-11-13 22:00:20,290 INFO o.a.j.JMeter: os.version=10.0
2025-11-13 22:00:20,290 INFO o.a.j.JMeter: file.encoding=UTF-8
2025-11-13 22:00:20,290 INFO o.a.j.JMeter: java.awt.headless=true
2025-11-13 22:00:20,290 INFO o.a.j.JMeter: Max memory     =1073741824
2025-11-13 22:00:20,290 INFO o.a.j.JMeter: Available Processors =12
2025-11-13 22:00:20,304 INFO o.a.j.JMeter: Default Locale=English (EN)
2025-11-13 22:00:20,305 INFO o.a.j.JMeter: JMeter  Locale=English (EN)
2025-11-13 22:00:20,305 INFO o.a.j.JMeter: JMeterHome=C:\Tools\apache-jmeter-5.6.3\apache-jmeter-5.6.3
2025-11-13 22:00:20,305 INFO o.a.j.JMeter: user.dir  =C:\Users\Administrador\Music\teste-software-univas
2025-11-13 22:00:20,306 INFO o.a.j.JMeter: PWD       =C:\Users\Administrador\Music\teste-software-univas
2025-11-13 22:00:20,309 INFO o.a.j.JMeter: IP: 192.168.191.124 Name: UNI-LABF-7383 FullName: UNI-LABF-7383.fuvs.br
2025-11-13 22:00:20,318 ERROR o.a.j.JMeter: An error occurred: 
java.lang.IllegalArgumentException: Cannot write to 'C:\Users\Administrador\Music\teste-software-univas\backend\tests\jmeter\reports\smoke' as folder is not empty
	at org.apache.jorphan.util.JOrphanUtils.canSafelyWriteToFolder(JOrphanUtils.java:664) ~[jorphan.jar:5.6.3]
	at org.apache.jorphan.util.JOrphanUtils.canSafelyWriteToFolder(JOrphanUtils.java:620) ~[jorphan.jar:5.6.3]
	at org.apache.jmeter.JMeter.extractAndSetReportOutputFolder(JMeter.java:542) ~[ApacheJMeter_core.jar:5.6.3]
	at org.apache.jmeter.JMeter.start(JMeter.java:492) [ApacheJMeter_core.jar:5.6.3]
	at java.base/jdk.internal.reflect.DirectMethodHandleAccessor.invoke(DirectMethodHandleAccessor.java:104) ~[?:?]
	at java.base/java.lang.reflect.Method.invoke(Method.java:565) ~[?:?]
	at org.apache.jmeter.NewDriver.main(NewDriver.java:259) [ApacheJMeter.jar:5.6.3]
